# JRE version: Java(TM) SE Runtime Environment (20.0.2+9) (build 20.0.2+9-78)
# Java VM: Java HotSpot(TM) 64-Bit Server VM (20.0.2+9-78, mixed mode, emulated-client, sharing, tiered, compressed oops, compressed class ptrs, g1 gc, linux-amd64)
GC Precious Log:
 CardTable entry size: 512
 Card Set container configuration: InlinePtr #cards 5 size 8 Array Of Cards #cards 12 size 40 Howl #buckets 4 coarsen threshold 1843 Howl Bitmap #cards 512 size 80 coarsen threshold 460 Card regions per heap region 1 cards per card region 2048
 CPUs: 2 total, 2 available
 Memory: 7897M
 Large Page Support: Disabled
 NUMA Support: Disabled
 Compressed Oops: Enabled (32-bit)
 Heap Region Size: 1M
 Heap Min Capacity: 8M
 Heap Initial Capacity: 124M
 Heap Max Capacity: 1976M
 Pre-touch: Disabled
 Parallel Workers: 2
 Concurrent Workers: 1
 Concurrent Refinement Workers: 2
 Periodic GC: Disabled
Heap:
 garbage-first heap   total 80896K, used 34613K [0x0000000084800000, 0x0000000100000000)
  region size 1024K, 15 young (15360K), 2 survivors (2048K)
 Metaspace       used 38419K, committed 38848K, reserved 1114112K
  class space    used 4948K, committed 5120K, reserved 1048576K
GC Heap History (20 events):
Event: 1,815 GC heap before
{Heap before GC invocations=2 (full 0):
 garbage-first heap   total 129024K, used 14003K [0x0000000084800000, 0x0000000100000000)
  region size 1024K, 10 young (10240K), 1 survivors (1024K)
 Metaspace       used 7252K, committed 7424K, reserved 1114112K
  class space    used 857K, committed 960K, reserved 1048576K
}
Event: 1,826 GC heap after
{Heap after GC invocations=3 (full 0):
 garbage-first heap   total 129024K, used 7923K [0x0000000084800000, 0x0000000100000000)
  region size 1024K, 2 young (2048K), 2 survivors (2048K)
 Metaspace       used 7252K, committed 7424K, reserved 1114112K
  class space    used 857K, committed 960K, reserved 1048576K
}
Event: 2,151 GC heap before
{Heap before GC invocations=3 (full 0):
 garbage-first heap   total 129024K, used 18163K [0x0000000084800000, 0x0000000100000000)
  region size 1024K, 12 young (12288K), 2 survivors (2048K)
 Metaspace       used 9724K, committed 9984K, reserved 1114112K
  class space    used 1242K, committed 1344K, reserved 1048576K
}
Event: 2,157 GC heap after
{Heap after GC invocations=4 (full 0):
 garbage-first heap   total 129024K, used 9166K [0x0000000084800000, 0x0000000100000000)
  region size 1024K, 2 young (2048K), 2 survivors (2048K)
 Metaspace       used 9724K, committed 9984K, reserved 1114112K
  class space    used 1242K, committed 1344K, reserved 1048576K
}
Event: 2,970 GC heap before
{Heap before GC invocations=4 (full 0):
 garbage-first heap   total 129024K, used 60366K [0x0000000084800000, 0x0000000100000000)
  region size 1024K, 53 young (54272K), 2 survivors (2048K)
 Metaspace       used 18179K, committed 18496K, reserved 1114112K
  class space    used 2459K, committed 2624K, reserved 1048576K
}
Event: 2,995 GC heap after
{Heap after GC invocations=5 (full 0):
 garbage-first heap   total 155648K, used 13553K [0x0000000084800000, 0x0000000100000000)
  region size 1024K, 6 young (6144K), 6 survivors (6144K)
 Metaspace       used 18179K, committed 18496K, reserved 1114112K
  class space    used 2459K, committed 2624K, reserved 1048576K
}
Event: 3,391 GC heap before
{Heap before GC invocations=5 (full 0):
 garbage-first heap   total 155648K, used 41201K [0x0000000084800000, 0x0000000100000000)
  region size 1024K, 35 young (35840K), 6 survivors (6144K)
 Metaspace       used 21244K, committed 21504K, reserved 1114112K
  class space    used 2818K, committed 2944K, reserved 1048576K
}
Event: 3,399 GC heap after
{Heap after GC invocations=6 (full 0):
 garbage-first heap   total 155648K, used 14632K [0x0000000084800000, 0x0000000100000000)
  region size 1024K, 7 young (7168K), 7 survivors (7168K)
 Metaspace       used 21244K, committed 21504K, reserved 1114112K
  class space    used 2818K, committed 2944K, reserved 1048576K
}
Event: 4,001 GC heap before
{Heap before GC invocations=7 (full 0):
 garbage-first heap   total 65536K, used 46376K [0x0000000084800000, 0x0000000100000000)
  region size 1024K, 38 young (38912K), 7 survivors (7168K)
 Metaspace       used 27549K, committed 27904K, reserved 1114112K
  class space    used 3694K, committed 3904K, reserved 1048576K
}
Event: 4,018 GC heap after
{Heap after GC invocations=8 (full 0):
 garbage-first heap   total 65536K, used 16658K [0x0000000084800000, 0x0000000100000000)
  region size 1024K, 4 young (4096K), 4 survivors (4096K)
 Metaspace       used 27549K, committed 27904K, reserved 1114112K
  class space    used 3694K, committed 3904K, reserved 1048576K
}
Event: 4,475 GC heap before
{Heap before GC invocations=8 (full 0):
 garbage-first heap   total 65536K, used 50450K [0x0000000084800000, 0x0000000100000000)
  region size 1024K, 38 young (38912K), 4 survivors (4096K)
 Metaspace       used 30607K, committed 30976K, reserved 1114112K
  class space    used 4067K, committed 4224K, reserved 1048576K
}
Event: 4,486 GC heap after
{Heap after GC invocations=9 (full 0):
 garbage-first heap   total 65536K, used 18571K [0x0000000084800000, 0x0000000100000000)
  region size 1024K, 5 young (5120K), 5 survivors (5120K)
 Metaspace       used 30607K, committed 30976K, reserved 1114112K
  class space    used 4067K, committed 4224K, reserved 1048576K
}
Event: 5,097 GC heap before
{Heap before GC invocations=9 (full 0):
 garbage-first heap   total 65536K, used 52363K [0x0000000084800000, 0x0000000100000000)
  region size 1024K, 38 young (38912K), 5 survivors (5120K)
 Metaspace       used 34119K, committed 34496K, reserved 1114112K
  class space    used 4362K, committed 4544K, reserved 1048576K
}
Event: 5,112 GC heap after
{Heap after GC invocations=10 (full 0):
 garbage-first heap   total 65536K, used 20386K [0x0000000084800000, 0x0000000100000000)
  region size 1024K, 4 young (4096K), 4 survivors (4096K)
 Metaspace       used 34119K, committed 34496K, reserved 1114112K
  class space    used 4362K, committed 4544K, reserved 1048576K
}
Event: 5,394 GC heap before
{Heap before GC invocations=10 (full 0):
 garbage-first heap   total 65536K, used 54178K [0x0000000084800000, 0x0000000100000000)
  region size 1024K, 38 young (38912K), 4 survivors (4096K)
 Metaspace       used 34470K, committed 34944K, reserved 1114112K
  class space    used 4408K, committed 4608K, reserved 1048576K
}
Event: 5,402 GC heap after
{Heap after GC invocations=11 (full 0):
 garbage-first heap   total 80896K, used 22768K [0x0000000084800000, 0x0000000100000000)
  region size 1024K, 5 young (5120K), 5 survivors (5120K)
 Metaspace       used 34470K, committed 34944K, reserved 1114112K
  class space    used 4408K, committed 4608K, reserved 1048576K
}
Event: 6,266 GC heap before
{Heap before GC invocations=11 (full 0):
 garbage-first heap   total 80896K, used 64752K [0x0000000084800000, 0x0000000100000000)
  region size 1024K, 47 young (48128K), 5 survivors (5120K)
 Metaspace       used 36153K, committed 36544K, reserved 1114112K
  class space    used 4643K, committed 4800K, reserved 1048576K
}
Event: 6,272 GC heap after
{Heap after GC invocations=12 (full 0):
 garbage-first heap   total 80896K, used 22502K [0x0000000084800000, 0x0000000100000000)
  region size 1024K, 2 young (2048K), 2 survivors (2048K)
 Metaspace       used 36153K, committed 36544K, reserved 1114112K
  class space    used 4643K, committed 4800K, reserved 1048576K
}
Event: 6,336 GC heap before
{Heap before GC invocations=12 (full 0):
 garbage-first heap   total 80896K, used 24550K [0x0000000084800000, 0x0000000100000000)
  region size 1024K, 5 young (5120K), 2 survivors (2048K)
 Metaspace       used 36412K, committed 36800K, reserved 1114112K
  class space    used 4675K, committed 4864K, reserved 1048576K
}
Event: 6,341 GC heap after
{Heap after GC invocations=13 (full 0):
 garbage-first heap   total 80896K, used 22325K [0x0000000084800000, 0x0000000100000000)
  region size 1024K, 2 young (2048K), 2 survivors (2048K)
 Metaspace       used 36412K, committed 36800K, reserved 1114112K
  class space    used 4675K, committed 4864K, reserved 1048576K
}

