# JRE version: Java(TM) SE Runtime Environment (20.0.2+9) (build 20.0.2+9-78)
# Java VM: Java HotSpot(TM) 64-Bit Server VM (20.0.2+9-78, mixed mode, emulated-client, sharing, tiered, compressed oops, compressed class ptrs, g1 gc, linux-amd64)
GC Precious Log:
 CardTable entry size: 512
 Card Set container configuration: InlinePtr #cards 5 size 8 Array Of Cards #cards 12 size 40 Howl #buckets 4 coarsen threshold 1843 Howl Bitmap #cards 512 size 80 coarsen threshold 460 Card regions per heap region 1 cards per card region 2048
 CPUs: 2 total, 2 available
 Memory: 7897M
 Large Page Support: Disabled
 NUMA Support: Disabled
 Compressed Oops: Enabled (32-bit)
 Heap Region Size: 1M
 Heap Min Capacity: 8M
 Heap Initial Capacity: 124M
 Heap Max Capacity: 1976M
 Pre-touch: Disabled
 Parallel Workers: 2
 Concurrent Workers: 1
 Concurrent Refinement Workers: 2
 Periodic GC: Disabled
Heap:
 garbage-first heap   total 81920K, used 41828K [0x0000000084800000, 0x0000000100000000)
  region size 1024K, 22 young (22528K), 2 survivors (2048K)
 Metaspace       used 38946K, committed 39424K, reserved 1114112K
  class space    used 5036K, committed 5248K, reserved 1048576K
GC Heap History (20 events):
Event: 0,943 GC heap before
{Heap before GC invocations=1 (full 0):
 garbage-first heap   total 129024K, used 10101K [0x0000000084800000, 0x0000000100000000)
  region size 1024K, 6 young (6144K), 1 survivors (1024K)
 Metaspace       used 3384K, committed 3520K, reserved 1114112K
  class space    used 398K, committed 448K, reserved 1048576K
}
Event: 0,951 GC heap after
{Heap after GC invocations=2 (full 0):
 garbage-first heap   total 129024K, used 5858K [0x0000000084800000, 0x0000000100000000)
  region size 1024K, 1 young (1024K), 1 survivors (1024K)
 Metaspace       used 3384K, committed 3520K, reserved 1114112K
  class space    used 398K, committed 448K, reserved 1048576K
}
Event: 1,609 GC heap before
{Heap before GC invocations=2 (full 0):
 garbage-first heap   total 129024K, used 15074K [0x0000000084800000, 0x0000000100000000)
  region size 1024K, 10 young (10240K), 1 survivors (1024K)
 Metaspace       used 7529K, committed 7808K, reserved 1114112K
  class space    used 910K, committed 1024K, reserved 1048576K
}
Event: 1,618 GC heap after
{Heap after GC invocations=3 (full 0):
 garbage-first heap   total 129024K, used 8015K [0x0000000084800000, 0x0000000100000000)
  region size 1024K, 2 young (2048K), 2 survivors (2048K)
 Metaspace       used 7529K, committed 7808K, reserved 1114112K
  class space    used 910K, committed 1024K, reserved 1048576K
}
Event: 2,001 GC heap before
{Heap before GC invocations=3 (full 0):
 garbage-first heap   total 129024K, used 20303K [0x0000000084800000, 0x0000000100000000)
  region size 1024K, 14 young (14336K), 2 survivors (2048K)
 Metaspace       used 10500K, committed 10752K, reserved 1114112K
  class space    used 1366K, committed 1472K, reserved 1048576K
}
Event: 2,019 GC heap after
{Heap after GC invocations=4 (full 0):
 garbage-first heap   total 129024K, used 9332K [0x0000000084800000, 0x0000000100000000)
  region size 1024K, 2 young (2048K), 2 survivors (2048K)
 Metaspace       used 10500K, committed 10752K, reserved 1114112K
  class space    used 1366K, committed 1472K, reserved 1048576K
}
Event: 3,022 GC heap before
{Heap before GC invocations=4 (full 0):
 garbage-first heap   total 129024K, used 68724K [0x0000000084800000, 0x0000000100000000)
  region size 1024K, 61 young (62464K), 2 survivors (2048K)
 Metaspace       used 20066K, committed 20480K, reserved 1114112K
  class space    used 2682K, committed 2880K, reserved 1048576K
}
Event: 3,041 GC heap after
{Heap after GC invocations=5 (full 0):
 garbage-first heap   total 163840K, used 14248K [0x0000000084800000, 0x0000000100000000)
  region size 1024K, 6 young (6144K), 6 survivors (6144K)
 Metaspace       used 20066K, committed 20480K, reserved 1114112K
  class space    used 2682K, committed 2880K, reserved 1048576K
}
Event: 3,256 GC heap before
{Heap before GC invocations=5 (full 0):
 garbage-first heap   total 163840K, used 28584K [0x0000000084800000, 0x0000000100000000)
  region size 1024K, 22 young (22528K), 6 survivors (6144K)
 Metaspace       used 21130K, committed 21568K, reserved 1114112K
  class space    used 2802K, committed 3008K, reserved 1048576K
}
Event: 3,275 GC heap after
{Heap after GC invocations=6 (full 0):
 garbage-first heap   total 163840K, used 14777K [0x0000000084800000, 0x0000000100000000)
  region size 1024K, 6 young (6144K), 6 survivors (6144K)
 Metaspace       used 21130K, committed 21568K, reserved 1114112K
  class space    used 2802K, committed 3008K, reserved 1048576K
}
Event: 4,088 GC heap before
{Heap before GC invocations=7 (full 0):
 garbage-first heap   total 68608K, used 48569K [0x0000000084800000, 0x0000000100000000)
  region size 1024K, 40 young (40960K), 6 survivors (6144K)
 Metaspace       used 27939K, committed 28352K, reserved 1114112K
  class space    used 3723K, committed 3904K, reserved 1048576K
}
Event: 4,109 GC heap after
{Heap after GC invocations=8 (full 0):
 garbage-first heap   total 68608K, used 17046K [0x0000000084800000, 0x0000000100000000)
  region size 1024K, 4 young (4096K), 4 survivors (4096K)
 Metaspace       used 27939K, committed 28352K, reserved 1114112K
  class space    used 3723K, committed 3904K, reserved 1048576K
}
Event: 4,697 GC heap before
{Heap before GC invocations=8 (full 0):
 garbage-first heap   total 68608K, used 52886K [0x0000000084800000, 0x0000000100000000)
  region size 1024K, 40 young (40960K), 4 survivors (4096K)
 Metaspace       used 31107K, committed 31552K, reserved 1114112K
  class space    used 4148K, committed 4352K, reserved 1048576K
}
Event: 4,709 GC heap after
{Heap after GC invocations=9 (full 0):
 garbage-first heap   total 68608K, used 18899K [0x0000000084800000, 0x0000000100000000)
  region size 1024K, 5 young (5120K), 5 survivors (5120K)
 Metaspace       used 31107K, committed 31552K, reserved 1114112K
  class space    used 4148K, committed 4352K, reserved 1048576K
}
Event: 5,378 GC heap before
{Heap before GC invocations=9 (full 0):
 garbage-first heap   total 68608K, used 54739K [0x0000000084800000, 0x0000000100000000)
  region size 1024K, 40 young (40960K), 5 survivors (5120K)
 Metaspace       used 34648K, committed 35072K, reserved 1114112K
  class space    used 4449K, committed 4608K, reserved 1048576K
}
Event: 5,392 GC heap after
{Heap after GC invocations=10 (full 0):
 garbage-first heap   total 68608K, used 21488K [0x0000000084800000, 0x0000000100000000)
  region size 1024K, 5 young (5120K), 5 survivors (5120K)
 Metaspace       used 34648K, committed 35072K, reserved 1114112K
  class space    used 4449K, committed 4608K, reserved 1048576K
}
Event: 5,605 GC heap before
{Heap before GC invocations=10 (full 0):
 garbage-first heap   total 68608K, used 56304K [0x0000000084800000, 0x0000000100000000)
  region size 1024K, 40 young (40960K), 5 survivors (5120K)
 Metaspace       used 34998K, committed 35520K, reserved 1114112K
  class space    used 4494K, committed 4736K, reserved 1048576K
}
Event: 5,617 GC heap after
{Heap after GC invocations=11 (full 0):
 garbage-first heap   total 82944K, used 23801K [0x0000000084800000, 0x0000000100000000)
  region size 1024K, 4 young (4096K), 4 survivors (4096K)
 Metaspace       used 34998K, committed 35520K, reserved 1114112K
  class space    used 4494K, committed 4736K, reserved 1048576K
}
Event: 6,264 GC heap before
{Heap before GC invocations=11 (full 0):
 garbage-first heap   total 82944K, used 57593K [0x0000000084800000, 0x0000000100000000)
  region size 1024K, 39 young (39936K), 4 survivors (4096K)
 Metaspace       used 36576K, committed 37056K, reserved 1114112K
  class space    used 4721K, committed 4928K, reserved 1048576K
}
Event: 6,275 GC heap after
{Heap after GC invocations=12 (full 0):
 garbage-first heap   total 82944K, used 22372K [0x0000000084800000, 0x0000000100000000)
  region size 1024K, 2 young (2048K), 2 survivors (2048K)
 Metaspace       used 36576K, committed 37056K, reserved 1114112K
  class space    used 4721K, committed 4928K, reserved 1048576K
}

