# JRE version: Java(TM) SE Runtime Environment (20.0.2+9) (build 20.0.2+9-78)
# Java VM: Java HotSpot(TM) 64-Bit Server VM (20.0.2+9-78, mixed mode, emulated-client, sharing, tiered, compressed oops, compressed class ptrs, g1 gc, linux-amd64)
GC Precious Log:
 CardTable entry size: 512
 Card Set container configuration: InlinePtr #cards 5 size 8 Array Of Cards #cards 12 size 40 Howl #buckets 4 coarsen threshold 1843 Howl Bitmap #cards 512 size 80 coarsen threshold 460 Card regions per heap region 1 cards per card region 2048
 CPUs: 2 total, 2 available
 Memory: 7897M
 Large Page Support: Disabled
 NUMA Support: Disabled
 Compressed Oops: Enabled (32-bit)
 Heap Region Size: 1M
 Heap Min Capacity: 8M
 Heap Initial Capacity: 124M
 Heap Max Capacity: 1976M
 Pre-touch: Disabled
 Parallel Workers: 2
 Concurrent Workers: 1
 Concurrent Refinement Workers: 2
 Periodic GC: Disabled
Heap:
 garbage-first heap   total 75776K, used 25251K [0x0000000084800000, 0x0000000100000000)
  region size 1024K, 6 young (6144K), 3 survivors (3072K)
 Metaspace       used 38937K, committed 39424K, reserved 1114112K
  class space    used 5028K, committed 5248K, reserved 1048576K
GC Heap History (20 events):
Event: 3,118 GC heap before
{Heap before GC invocations=2 (full 0):
 garbage-first heap   total 129024K, used 13931K [0x0000000084800000, 0x0000000100000000)
  region size 1024K, 10 young (10240K), 1 survivors (1024K)
 Metaspace       used 7287K, committed 7488K, reserved 1114112K
  class space    used 861K, committed 960K, reserved 1048576K
}
Event: 3,124 GC heap after
{Heap after GC invocations=3 (full 0):
 garbage-first heap   total 129024K, used 7790K [0x0000000084800000, 0x0000000100000000)
  region size 1024K, 2 young (2048K), 2 survivors (2048K)
 Metaspace       used 7287K, committed 7488K, reserved 1114112K
  class space    used 861K, committed 960K, reserved 1048576K
}
Event: 3,977 GC heap before
{Heap before GC invocations=3 (full 0):
 garbage-first heap   total 129024K, used 19054K [0x0000000084800000, 0x0000000100000000)
  region size 1024K, 13 young (13312K), 2 survivors (2048K)
 Metaspace       used 10285K, committed 10624K, reserved 1114112K
  class space    used 1330K, committed 1472K, reserved 1048576K
}
Event: 3,985 GC heap after
{Heap after GC invocations=4 (full 0):
 garbage-first heap   total 129024K, used 9254K [0x0000000084800000, 0x0000000100000000)
  region size 1024K, 2 young (2048K), 2 survivors (2048K)
 Metaspace       used 10285K, committed 10624K, reserved 1114112K
  class space    used 1330K, committed 1472K, reserved 1048576K
}
Event: 5,206 GC heap before
{Heap before GC invocations=4 (full 0):
 garbage-first heap   total 129024K, used 61478K [0x0000000084800000, 0x0000000100000000)
  region size 1024K, 54 young (55296K), 2 survivors (2048K)
 Metaspace       used 18505K, committed 18880K, reserved 1114112K
  class space    used 2505K, committed 2688K, reserved 1048576K
}
Event: 5,223 GC heap after
{Heap after GC invocations=5 (full 0):
 garbage-first heap   total 129024K, used 13276K [0x0000000084800000, 0x0000000100000000)
  region size 1024K, 6 young (6144K), 6 survivors (6144K)
 Metaspace       used 18505K, committed 18880K, reserved 1114112K
  class space    used 2505K, committed 2688K, reserved 1048576K
}
Event: 5,501 GC heap before
{Heap before GC invocations=5 (full 0):
 garbage-first heap   total 129024K, used 33756K [0x0000000084800000, 0x0000000100000000)
  region size 1024K, 28 young (28672K), 6 survivors (6144K)
 Metaspace       used 21125K, committed 21568K, reserved 1114112K
  class space    used 2802K, committed 3008K, reserved 1048576K
}
Event: 5,512 GC heap after
{Heap after GC invocations=6 (full 0):
 garbage-first heap   total 129024K, used 14235K [0x0000000084800000, 0x0000000100000000)
  region size 1024K, 5 young (5120K), 5 survivors (5120K)
 Metaspace       used 21125K, committed 21568K, reserved 1114112K
  class space    used 2802K, committed 3008K, reserved 1048576K
}
Event: 6,186 GC heap before
{Heap before GC invocations=7 (full 0):
 garbage-first heap   total 61440K, used 44955K [0x0000000084800000, 0x0000000100000000)
  region size 1024K, 36 young (36864K), 5 survivors (5120K)
 Metaspace       used 26948K, committed 27392K, reserved 1114112K
  class space    used 3586K, committed 3776K, reserved 1048576K
}
Event: 6,196 GC heap after
{Heap after GC invocations=8 (full 0):
 garbage-first heap   total 61440K, used 16233K [0x0000000084800000, 0x0000000100000000)
  region size 1024K, 3 young (3072K), 3 survivors (3072K)
 Metaspace       used 26948K, committed 27392K, reserved 1114112K
  class space    used 3586K, committed 3776K, reserved 1048576K
}
Event: 6,848 GC heap before
{Heap before GC invocations=8 (full 0):
 garbage-first heap   total 61440K, used 49001K [0x0000000084800000, 0x0000000100000000)
  region size 1024K, 36 young (36864K), 3 survivors (3072K)
 Metaspace       used 30669K, committed 31104K, reserved 1114112K
  class space    used 4078K, committed 4288K, reserved 1048576K
}
Event: 6,862 GC heap after
{Heap after GC invocations=9 (full 0):
 garbage-first heap   total 61440K, used 19355K [0x0000000084800000, 0x0000000100000000)
  region size 1024K, 5 young (5120K), 5 survivors (5120K)
 Metaspace       used 30669K, committed 31104K, reserved 1114112K
  class space    used 4078K, committed 4288K, reserved 1048576K
}
Event: 7,555 GC heap before
{Heap before GC invocations=9 (full 0):
 garbage-first heap   total 61440K, used 52123K [0x0000000084800000, 0x0000000100000000)
  region size 1024K, 36 young (36864K), 5 survivors (5120K)
 Metaspace       used 34640K, committed 35072K, reserved 1114112K
  class space    used 4443K, committed 4608K, reserved 1048576K
}
Event: 7,573 GC heap after
{Heap after GC invocations=10 (full 0):
 garbage-first heap   total 75776K, used 22866K [0x0000000084800000, 0x0000000100000000)
  region size 1024K, 5 young (5120K), 5 survivors (5120K)
 Metaspace       used 34640K, committed 35072K, reserved 1114112K
  class space    used 4443K, committed 4608K, reserved 1048576K
}
Event: 7,817 GC heap before
{Heap before GC invocations=10 (full 0):
 garbage-first heap   total 75776K, used 61778K [0x0000000084800000, 0x0000000100000000)
  region size 1024K, 44 young (45056K), 5 survivors (5120K)
 Metaspace       used 34991K, committed 35520K, reserved 1114112K
  class space    used 4489K, committed 4736K, reserved 1048576K
}
Event: 7,822 GC heap after
{Heap after GC invocations=11 (full 0):
 garbage-first heap   total 75776K, used 23150K [0x0000000084800000, 0x0000000100000000)
  region size 1024K, 3 young (3072K), 3 survivors (3072K)
 Metaspace       used 34991K, committed 35520K, reserved 1114112K
  class space    used 4489K, committed 4736K, reserved 1048576K
}
Event: 8,046 GC heap before
{Heap before GC invocations=11 (full 0):
 garbage-first heap   total 75776K, used 40558K [0x0000000084800000, 0x0000000100000000)
  region size 1024K, 21 young (21504K), 3 survivors (3072K)
 Metaspace       used 36023K, committed 36480K, reserved 1114112K
  class space    used 4631K, committed 4864K, reserved 1048576K
}
Event: 8,050 GC heap after
{Heap after GC invocations=12 (full 0):
 garbage-first heap   total 75776K, used 22204K [0x0000000084800000, 0x0000000100000000)
  region size 1024K, 2 young (2048K), 2 survivors (2048K)
 Metaspace       used 36023K, committed 36480K, reserved 1114112K
  class space    used 4631K, committed 4864K, reserved 1048576K
}
Event: 8,792 GC heap before
{Heap before GC invocations=13 (full 0):
 garbage-first heap   total 75776K, used 63164K [0x0000000084800000, 0x0000000100000000)
  region size 1024K, 43 young (44032K), 2 survivors (2048K)
 Metaspace       used 38091K, committed 38656K, reserved 1114112K
  class space    used 4938K, committed 5184K, reserved 1048576K
}
Event: 8,797 GC heap after
{Heap after GC invocations=14 (full 0):
 garbage-first heap   total 75776K, used 23203K [0x0000000084800000, 0x0000000100000000)
  region size 1024K, 3 young (3072K), 3 survivors (3072K)
 Metaspace       used 38091K, committed 38656K, reserved 1114112K
  class space    used 4938K, committed 5184K, reserved 1048576K
}

