# JRE version: Java(TM) SE Runtime Environment (20.0.2+9) (build 20.0.2+9-78)
# Java VM: Java HotSpot(TM) 64-Bit Server VM (20.0.2+9-78, mixed mode, emulated-client, sharing, tiered, compressed oops, compressed class ptrs, g1 gc, linux-amd64)
GC Precious Log:
 CardTable entry size: 512
 Card Set container configuration: InlinePtr #cards 5 size 8 Array Of Cards #cards 12 size 40 Howl #buckets 4 coarsen threshold 1843 Howl Bitmap #cards 512 size 80 coarsen threshold 460 Card regions per heap region 1 cards per card region 2048
 CPUs: 2 total, 2 available
 Memory: 7897M
 Large Page Support: Disabled
 NUMA Support: Disabled
 Compressed Oops: Enabled (32-bit)
 Heap Region Size: 1M
 Heap Min Capacity: 8M
 Heap Initial Capacity: 124M
 Heap Max Capacity: 1976M
 Pre-touch: Disabled
 Parallel Workers: 2
 Concurrent Workers: 1
 Concurrent Refinement Workers: 2
 Periodic GC: Disabled
Heap:
 garbage-first heap   total 89088K, used 41931K [0x0000000084800000, 0x0000000100000000)
  region size 1024K, 23 young (23552K), 4 survivors (4096K)
 Metaspace       used 38926K, committed 39360K, reserved 1114112K
  class space    used 5028K, committed 5248K, reserved 1048576K
GC Heap History (20 events):
Event: 3,012 GC heap before
{Heap before GC invocations=2 (full 0):
 garbage-first heap   total 129024K, used 12993K [0x0000000084800000, 0x0000000100000000)
  region size 1024K, 9 young (9216K), 1 survivors (1024K)
 Metaspace       used 7033K, committed 7232K, reserved 1114112K
  class space    used 827K, committed 896K, reserved 1048576K
}
Event: 3,046 GC heap after
{Heap after GC invocations=3 (full 0):
 garbage-first heap   total 129024K, used 7762K [0x0000000084800000, 0x0000000100000000)
  region size 1024K, 2 young (2048K), 2 survivors (2048K)
 Metaspace       used 7033K, committed 7232K, reserved 1114112K
  class space    used 827K, committed 896K, reserved 1048576K
}
Event: 4,314 GC heap before
{Heap before GC invocations=3 (full 0):
 garbage-first heap   total 129024K, used 19026K [0x0000000084800000, 0x0000000100000000)
  region size 1024K, 14 young (14336K), 2 survivors (2048K)
 Metaspace       used 9911K, committed 10176K, reserved 1114112K
  class space    used 1277K, committed 1408K, reserved 1048576K
}
Event: 4,410 GC heap after
{Heap after GC invocations=4 (full 0):
 garbage-first heap   total 129024K, used 9013K [0x0000000084800000, 0x0000000100000000)
  region size 1024K, 2 young (2048K), 2 survivors (2048K)
 Metaspace       used 9911K, committed 10176K, reserved 1114112K
  class space    used 1277K, committed 1408K, reserved 1048576K
}
Event: 6,711 GC heap before
{Heap before GC invocations=4 (full 0):
 garbage-first heap   total 129024K, used 36661K [0x0000000084800000, 0x0000000100000000)
  region size 1024K, 30 young (30720K), 2 survivors (2048K)
 Metaspace       used 16317K, committed 16640K, reserved 1114112K
  class space    used 2267K, committed 2432K, reserved 1048576K
}
Event: 6,807 GC heap after
{Heap after GC invocations=5 (full 0):
 garbage-first heap   total 129024K, used 11150K [0x0000000084800000, 0x0000000100000000)
  region size 1024K, 4 young (4096K), 4 survivors (4096K)
 Metaspace       used 16317K, committed 16640K, reserved 1114112K
  class space    used 2267K, committed 2432K, reserved 1048576K
}
Event: 7,770 GC heap before
{Heap before GC invocations=5 (full 0):
 garbage-first heap   total 129024K, used 40846K [0x0000000084800000, 0x0000000100000000)
  region size 1024K, 34 young (34816K), 4 survivors (4096K)
 Metaspace       used 19281K, committed 19584K, reserved 1114112K
  class space    used 2611K, committed 2752K, reserved 1048576K
}
Event: 7,861 GC heap after
{Heap after GC invocations=6 (full 0):
 garbage-first heap   total 181248K, used 14074K [0x0000000084800000, 0x0000000100000000)
  region size 1024K, 5 young (5120K), 5 survivors (5120K)
 Metaspace       used 19281K, committed 19584K, reserved 1114112K
  class space    used 2611K, committed 2752K, reserved 1048576K
}
Event: 8,622 GC heap before
{Heap before GC invocations=6 (full 0):
 garbage-first heap   total 181248K, used 29434K [0x0000000084800000, 0x0000000100000000)
  region size 1024K, 21 young (21504K), 5 survivors (5120K)
 Metaspace       used 21042K, committed 21376K, reserved 1114112K
  class space    used 2820K, committed 2944K, reserved 1048576K
}
Event: 8,724 GC heap after
{Heap after GC invocations=7 (full 0):
 garbage-first heap   total 181248K, used 16122K [0x0000000084800000, 0x0000000100000000)
  region size 1024K, 3 young (3072K), 3 survivors (3072K)
 Metaspace       used 21042K, committed 21376K, reserved 1114112K
  class space    used 2820K, committed 2944K, reserved 1048576K
}
Event: 8,781 GC heap before
{Heap before GC invocations=7 (full 0):
 garbage-first heap   total 181248K, used 20218K [0x0000000084800000, 0x0000000100000000)
  region size 1024K, 8 young (8192K), 3 survivors (3072K)
 Metaspace       used 21154K, committed 21504K, reserved 1114112K
  class space    used 2838K, committed 3008K, reserved 1048576K
}
Event: 8,788 GC heap after
{Heap after GC invocations=8 (full 0):
 garbage-first heap   total 181248K, used 14680K [0x0000000084800000, 0x0000000100000000)
  region size 1024K, 1 young (1024K), 1 survivors (1024K)
 Metaspace       used 21154K, committed 21504K, reserved 1114112K
  class space    used 2838K, committed 3008K, reserved 1048576K
}
Event: 10,153 GC heap before
{Heap before GC invocations=9 (full 0):
 garbage-first heap   total 65536K, used 52568K [0x0000000084800000, 0x0000000100000000)
  region size 1024K, 38 young (38912K), 1 survivors (1024K)
 Metaspace       used 28556K, committed 28992K, reserved 1114112K
  class space    used 3846K, committed 4032K, reserved 1048576K
}
Event: 10,223 GC heap after
{Heap after GC invocations=10 (full 0):
 garbage-first heap   total 65536K, used 17529K [0x0000000084800000, 0x0000000100000000)
  region size 1024K, 4 young (4096K), 4 survivors (4096K)
 Metaspace       used 28556K, committed 28992K, reserved 1114112K
  class space    used 3846K, committed 4032K, reserved 1048576K
}
Event: 11,357 GC heap before
{Heap before GC invocations=10 (full 0):
 garbage-first heap   total 65536K, used 51321K [0x0000000084800000, 0x0000000100000000)
  region size 1024K, 38 young (38912K), 4 survivors (4096K)
 Metaspace       used 31330K, committed 31744K, reserved 1114112K
  class space    used 4180K, committed 4352K, reserved 1048576K
}
Event: 11,415 GC heap after
{Heap after GC invocations=11 (full 0):
 garbage-first heap   total 65536K, used 19226K [0x0000000084800000, 0x0000000100000000)
  region size 1024K, 2 young (2048K), 2 survivors (2048K)
 Metaspace       used 31330K, committed 31744K, reserved 1114112K
  class space    used 4180K, committed 4352K, reserved 1048576K
}
Event: 12,347 GC heap before
{Heap before GC invocations=11 (full 0):
 garbage-first heap   total 65536K, used 56090K [0x0000000084800000, 0x0000000100000000)
  region size 1024K, 38 young (38912K), 2 survivors (2048K)
 Metaspace       used 34638K, committed 35136K, reserved 1114112K
  class space    used 4446K, committed 4672K, reserved 1048576K
}
Event: 12,375 GC heap after
{Heap after GC invocations=12 (full 0):
 garbage-first heap   total 122880K, used 24369K [0x0000000084800000, 0x0000000100000000)
  region size 1024K, 5 young (5120K), 5 survivors (5120K)
 Metaspace       used 34638K, committed 35136K, reserved 1114112K
  class space    used 4446K, committed 4672K, reserved 1048576K
}
Event: 14,176 GC heap before
{Heap before GC invocations=12 (full 0):
 garbage-first heap   total 122880K, used 90929K [0x0000000084800000, 0x0000000100000000)
  region size 1024K, 72 young (73728K), 5 survivors (5120K)
 Metaspace       used 36593K, committed 37056K, reserved 1114112K
  class space    used 4717K, committed 4928K, reserved 1048576K
}
Event: 14,198 GC heap after
{Heap after GC invocations=13 (full 0):
 garbage-first heap   total 122880K, used 24523K [0x0000000084800000, 0x0000000100000000)
  region size 1024K, 4 young (4096K), 4 survivors (4096K)
 Metaspace       used 36593K, committed 37056K, reserved 1114112K
  class space    used 4717K, committed 4928K, reserved 1048576K
}

